<?xml version="1.0" encoding="UTF-8"?>
<!-- Generated by org.testng.reporters.JUnitReportReporter -->
<testsuite hostname="Indrayani.local" failures="0" tests="1" name="Policies.policycheck" time="6.446" errors="0" timestamp="2021-03-05T20:21:30 IST" skipped="0">
  <testcase classname="Policies.policycheck" name="getpolicies" time="6.446"/>
  <system-out/>
</testsuite> <!-- Policies.policycheck -->
